[    18.509] (--) Log file renamed from "/home/jochimin/.local/share/xorg/Xorg.pid-735.log" to "/home/jochimin/.local/share/xorg/Xorg.0.log"
[    18.510] 
X.Org X Server 1.21.1.3
X Protocol Version 11, Revision 0
[    18.510] Current Operating System: Linux archlinux 5.15.52-1-lts #1 SMP Sat, 02 Jul 2022 20:04:03 +0000 x86_64
[    18.510] Kernel command line: BOOT_IMAGE=/boot/vmlinuz-linux-lts root=UUID=001720ad-4563-41a5-a642-0f90196d7e36 rw resume=UUID=6fd14819-ee6b-4503-b300-712012638217 loglevel=3 nowatchdog nvme_load=YES
[    18.510]  
[    18.510] Current version of pixman: 0.40.0
[    18.510] 	Before reporting problems, check http://wiki.x.org
	to make sure that you have the latest version.
[    18.510] Markers: (--) probed, (**) from config file, (==) default setting,
	(++) from command line, (!!) notice, (II) informational,
	(WW) warning, (EE) error, (NI) not implemented, (??) unknown.
[    18.510] (==) Log file: "/home/jochimin/.local/share/xorg/Xorg.0.log", Time: Thu Jul  7 09:46:54 2022
[    18.511] (==) Using config directory: "/etc/X11/xorg.conf.d"
[    18.511] (==) Using system config directory "/usr/share/X11/xorg.conf.d"
[    18.512] (==) No Layout section.  Using the first Screen section.
[    18.512] (==) No screen section available. Using defaults.
[    18.512] (**) |-->Screen "Default Screen Section" (0)
[    18.512] (**) |   |-->Monitor "<default monitor>"
[    18.512] (==) No monitor specified for screen "Default Screen Section".
	Using a default monitor configuration.
[    18.512] (==) Automatically adding devices
[    18.512] (==) Automatically enabling devices
[    18.512] (==) Automatically adding GPU devices
[    18.512] (==) Automatically binding GPU devices
[    18.512] (==) Max clients allowed: 256, resource mask: 0x1fffff
[    18.512] (WW) The directory "/usr/share/fonts/misc" does not exist.
[    18.512] 	Entry deleted from font path.
[    18.512] (WW) `fonts.dir' not found (or not valid) in "/usr/share/fonts/TTF".
[    18.512] 	Entry deleted from font path.
[    18.512] 	(Run 'mkfontdir' on "/usr/share/fonts/TTF").
[    18.512] (WW) `fonts.dir' not found (or not valid) in "/usr/share/fonts/OTF".
[    18.512] 	Entry deleted from font path.
[    18.512] 	(Run 'mkfontdir' on "/usr/share/fonts/OTF").
[    18.512] (WW) The directory "/usr/share/fonts/Type1" does not exist.
[    18.512] 	Entry deleted from font path.
[    18.512] (WW) The directory "/usr/share/fonts/100dpi" does not exist.
[    18.512] 	Entry deleted from font path.
[    18.512] (WW) The directory "/usr/share/fonts/75dpi" does not exist.
[    18.512] 	Entry deleted from font path.
[    18.512] (==) FontPath set to:
	
[    18.512] (==) ModulePath set to "/usr/lib/xorg/modules"
[    18.512] (II) The server relies on udev to provide the list of input devices.
	If no devices become available, reconfigure udev or disable AutoAddDevices.
[    18.512] (II) Module ABI versions:
[    18.512] 	X.Org ANSI C Emulation: 0.4
[    18.512] 	X.Org Video Driver: 25.2
[    18.512] 	X.Org XInput driver : 24.4
[    18.512] 	X.Org Server Extension : 10.0
[    18.513] (++) using VT number 2

[    18.514] (II) systemd-logind: took control of session /org/freedesktop/login1/session/_33
[    18.515] (II) xfree86: Adding drm device (/dev/dri/card0)
[    18.515] (II) Platform probe for /sys/devices/pci0000:00/0000:00:02.0/drm/card0
[    18.515] (II) systemd-logind: got fd for /dev/dri/card0 226:0 fd 14 paused 0
[    18.517] (--) PCI:*(0@0:2:0) 8086:5916:17aa:505b rev 2, Mem @ 0xf0000000/16777216, 0xe0000000/268435456, I/O @ 0x0000e000/64, BIOS @ 0x????????/131072
[    18.517] (WW) Open ACPI failed (/var/run/acpid.socket) (No such file or directory)
[    18.517] (II) LoadModule: "glx"
[    18.517] (II) Loading /usr/lib/xorg/modules/extensions/libglx.so
[    18.520] (II) Module glx: vendor="X.Org Foundation"
[    18.520] 	compiled for 1.21.1.3, module version = 1.0.0
[    18.520] 	ABI class: X.Org Server Extension, version 10.0
[    18.520] (==) Matched intel as autoconfigured driver 0
[    18.520] (==) Matched modesetting as autoconfigured driver 1
[    18.520] (==) Matched fbdev as autoconfigured driver 2
[    18.520] (==) Matched vesa as autoconfigured driver 3
[    18.520] (==) Assigned the driver to the xf86ConfigLayout
[    18.520] (II) LoadModule: "intel"
[    18.521] (II) Loading /usr/lib/xorg/modules/drivers/intel_drv.so
[    18.527] (II) Module intel: vendor="X.Org Foundation"
[    18.527] 	compiled for 1.21.1.1, module version = 2.99.917
[    18.527] 	Module class: X.Org Video Driver
[    18.527] 	ABI class: X.Org Video Driver, version 25.2
[    18.527] (II) LoadModule: "modesetting"
[    18.527] (II) Loading /usr/lib/xorg/modules/drivers/modesetting_drv.so
[    18.528] (II) Module modesetting: vendor="X.Org Foundation"
[    18.528] 	compiled for 1.21.1.3, module version = 1.21.1
[    18.528] 	Module class: X.Org Video Driver
[    18.528] 	ABI class: X.Org Video Driver, version 25.2
[    18.528] (II) LoadModule: "fbdev"
[    18.529] (WW) Warning, couldn't open module fbdev
[    18.529] (EE) Failed to load module "fbdev" (module does not exist, 0)
[    18.529] (II) LoadModule: "vesa"
[    18.529] (WW) Warning, couldn't open module vesa
[    18.529] (EE) Failed to load module "vesa" (module does not exist, 0)
[    18.529] (II) intel: Driver for Intel(R) Integrated Graphics Chipsets:
	i810, i810-dc100, i810e, i815, i830M, 845G, 854, 852GM/855GM, 865G,
	915G, E7221 (i915), 915GM, 945G, 945GM, 945GME, Pineview GM,
	Pineview G, 965G, G35, 965Q, 946GZ, 965GM, 965GME/GLE, G33, Q35, Q33,
	GM45, 4 Series, G45/G43, Q45/Q43, G41, B43
[    18.529] (II) intel: Driver for Intel(R) HD Graphics
[    18.529] (II) intel: Driver for Intel(R) Iris(TM) Graphics
[    18.529] (II) intel: Driver for Intel(R) Iris(TM) Pro Graphics
[    18.529] (II) modesetting: Driver for Modesetting Kernel Drivers: kms
[    18.529] xf86EnableIO: failed to enable I/O ports 0000-03ff (Operation not permitted)
[    18.530] (II) intel(0): Using Kernel Mode Setting driver: i915, version 1.6.0 20201103
[    18.530] (II) intel(0): SNA compiled from 2.99.917-916-g31486f40
[    18.559] (WW) Falling back to old probe method for modesetting
[    18.559] (WW) VGA arbiter: cannot open kernel arbiter, no multi-card support
[    18.560] (--) intel(0): Integrated Graphics Chipset: Intel(R) HD Graphics 620
[    18.560] (--) intel(0): CPU: x86-64, sse2, sse3, ssse3, sse4.1, sse4.2, avx, avx2; using a maximum of 2 threads
[    18.560] (II) intel(0): Creating default Display subsection in Screen section
	"Default Screen Section" for depth/fbbpp 24/32
[    18.560] (==) intel(0): Depth 24, (--) framebuffer bpp 32
[    18.560] (==) intel(0): RGB weight 888
[    18.560] (==) intel(0): Default visual is TrueColor
[    18.561] (II) intel(0): Output eDP1 has no monitor section
[    18.561] (**) intel(0): Found backlight control interface intel_backlight (type 'raw') for output eDP1
[    18.561] (II) intel(0): Enabled output eDP1
[    18.561] (II) intel(0): Output HDMI1 has no monitor section
[    18.561] (II) intel(0): Enabled output HDMI1
[    18.561] (II) intel(0): Output DP1 has no monitor section
[    18.562] (II) intel(0): Enabled output DP1
[    18.562] (II) intel(0): Output HDMI2 has no monitor section
[    18.562] (II) intel(0): Enabled output HDMI2
[    18.562] (--) intel(0): Using a maximum size of 256x256 for hardware cursors
[    18.562] (II) intel(0): Output VIRTUAL1 has no monitor section
[    18.562] (II) intel(0): Enabled output VIRTUAL1
[    18.562] (--) intel(0): Output eDP1 using initial mode 1920x1080 on pipe 0
[    18.563] (==) intel(0): TearFree enabled
[    18.563] (==) intel(0): Using gamma correction (1.0, 1.0, 1.0)
[    18.563] (==) intel(0): DPI set to (96, 96)
[    18.563] (II) Loading sub module "dri3"
[    18.563] (II) LoadModule: "dri3"
[    18.563] (II) Module "dri3" already built-in
[    18.563] (II) Loading sub module "dri2"
[    18.563] (II) LoadModule: "dri2"
[    18.563] (II) Module "dri2" already built-in
[    18.563] (II) Loading sub module "present"
[    18.563] (II) LoadModule: "present"
[    18.563] (II) Module "present" already built-in
[    18.563] (II) UnloadModule: "modesetting"
[    18.563] (II) Unloading modesetting
[    18.568] (II) intel(0): SNA initialized with Kabylake (gen9) backend
[    18.568] (==) intel(0): Backing store enabled
[    18.568] (==) intel(0): Silken mouse enabled
[    18.568] (II) intel(0): HW Cursor enabled
[    18.569] (==) intel(0): DPMS enabled
[    18.569] (==) intel(0): Display hotplug detection enabled
[    18.570] (II) intel(0): [DRI2] Setup complete
[    18.570] (II) intel(0): [DRI2]   DRI driver: i965
[    18.570] (II) intel(0): [DRI2]   VDPAU driver: va_gl
[    18.570] (II) intel(0): direct rendering: DRI2 DRI3 enabled
[    18.570] (II) intel(0): hardware support for Present enabled
[    18.570] (II) Initializing extension Generic Event Extension
[    18.570] (II) Initializing extension SHAPE
[    18.570] (II) Initializing extension MIT-SHM
[    18.570] (II) Initializing extension XInputExtension
[    18.572] (II) Initializing extension XTEST
[    18.572] (II) Initializing extension BIG-REQUESTS
[    18.572] (II) Initializing extension SYNC
[    18.572] (II) Initializing extension XKEYBOARD
[    18.572] (II) Initializing extension XC-MISC
[    18.572] (II) Initializing extension SECURITY
[    18.572] (II) Initializing extension XFIXES
[    18.572] (II) Initializing extension RENDER
[    18.572] (II) Initializing extension RANDR
[    18.572] (II) Initializing extension COMPOSITE
[    18.573] (II) Initializing extension DAMAGE
[    18.573] (II) Initializing extension MIT-SCREEN-SAVER
[    18.573] (II) Initializing extension DOUBLE-BUFFER
[    18.573] (II) Initializing extension RECORD
[    18.573] (II) Initializing extension DPMS
[    18.573] (II) Initializing extension Present
[    18.573] (II) Initializing extension DRI3
[    18.573] (II) Initializing extension X-Resource
[    18.573] (II) Initializing extension XVideo
[    18.573] (II) Initializing extension XVideo-MotionCompensation
[    18.573] (II) Initializing extension GLX
[    18.573] (EE) AIGLX error: dlopen of /usr/lib/dri/i965_dri.so failed (/usr/lib/dri/i965_dri.so: cannot open shared object file: No such file or directory)
[    18.573] (EE) AIGLX error: unable to load driver i965
[    18.621] (II) IGLX: Loaded and initialized swrast
[    18.621] (II) GLX: Initialized DRISWRAST GL provider for screen 0
[    18.621] (II) Initializing extension XFree86-VidModeExtension
[    18.621] (II) Initializing extension XFree86-DGA
[    18.621] (II) Initializing extension XFree86-DRI
[    18.621] (II) Initializing extension DRI2
[    18.625] (II) intel(0): switch to mode 1920x1080@60.0 on eDP1 using pipe 0, position (0, 0), rotation normal, reflection none
[    18.628] (II) intel(0): Setting screen physical size to 508 x 285
[    18.659] (II) config/udev: Adding input device Power Button (/dev/input/event2)
[    18.659] (**) Power Button: Applying InputClass "devname"
[    18.659] (**) Power Button: Applying InputClass "libinput keyboard catchall"
[    18.659] (**) Power Button: Applying InputClass "system-keyboard"
[    18.659] (II) LoadModule: "libinput"
[    18.660] (II) Loading /usr/lib/xorg/modules/input/libinput_drv.so
[    18.662] (II) Module libinput: vendor="X.Org Foundation"
[    18.662] 	compiled for 1.21.1.3, module version = 1.2.1
[    18.662] 	Module class: X.Org XInput Driver
[    18.662] 	ABI class: X.Org XInput driver, version 24.4
[    18.662] (II) Using input driver 'libinput' for 'Power Button'
[    18.662] (II) systemd-logind: got fd for /dev/input/event2 13:66 fd 24 paused 0
[    18.662] (**) Power Button: always reports core events
[    18.662] (**) Option "Device" "/dev/input/event2"
[    18.664] (II) event2  - Power Button: is tagged by udev as: Keyboard
[    18.664] (II) event2  - Power Button: device is a keyboard
[    18.664] (II) event2  - Power Button: device removed
[    18.664] (**) Option "config_info" "udev:/sys/devices/LNXSYSTM:00/LNXPWRBN:00/input/input2/event2"
[    18.664] (II) XINPUT: Adding extended input device "Power Button" (type: KEYBOARD, id 6)
[    18.664] (**) Option "xkb_layout" "us"
[    18.665] (II) event2  - Power Button: is tagged by udev as: Keyboard
[    18.665] (II) event2  - Power Button: device is a keyboard
[    18.666] (II) config/udev: Adding input device Video Bus (/dev/input/event6)
[    18.666] (**) Video Bus: Applying InputClass "devname"
[    18.666] (**) Video Bus: Applying InputClass "libinput keyboard catchall"
[    18.666] (**) Video Bus: Applying InputClass "system-keyboard"
[    18.666] (II) Using input driver 'libinput' for 'Video Bus'
[    18.667] (II) systemd-logind: got fd for /dev/input/event6 13:70 fd 27 paused 0
[    18.667] (**) Video Bus: always reports core events
[    18.667] (**) Option "Device" "/dev/input/event6"
[    18.668] (II) event6  - Video Bus: is tagged by udev as: Keyboard
[    18.668] (II) event6  - Video Bus: device is a keyboard
[    18.668] (II) event6  - Video Bus: device removed
[    18.668] (**) Option "config_info" "udev:/sys/devices/LNXSYSTM:00/LNXSYBUS:00/PNP0A08:00/LNXVIDEO:00/input/input9/event6"
[    18.668] (II) XINPUT: Adding extended input device "Video Bus" (type: KEYBOARD, id 7)
[    18.668] (**) Option "xkb_layout" "us"
[    18.669] (II) event6  - Video Bus: is tagged by udev as: Keyboard
[    18.669] (II) event6  - Video Bus: device is a keyboard
[    18.670] (II) config/udev: Adding input device Lid Switch (/dev/input/event0)
[    18.670] (**) Lid Switch: Applying InputClass "devname"
[    18.670] (II) Using input driver 'libinput' for 'Lid Switch'
[    18.670] (II) systemd-logind: got fd for /dev/input/event0 13:64 fd 28 paused 0
[    18.670] (**) Lid Switch: always reports core events
[    18.670] (**) Option "Device" "/dev/input/event0"
[    18.671] (II) event0  - Lid Switch: is tagged by udev as: Switch
[    18.671] (II) event0  - Lid Switch: device is a switch device
[    18.671] (II) event0  - Lid Switch: device is a switch device
[    18.671] (II) event0  - Lid Switch: device removed
[    18.672] (**) Option "config_info" "udev:/sys/devices/LNXSYSTM:00/LNXSYBUS:00/PNP0C0D:00/input/input0/event0"
[    18.672] (II) XINPUT: Adding extended input device "Lid Switch" (type: KEYBOARD, id 8)
[    18.672] (II) event0  - Lid Switch: is tagged by udev as: Switch
[    18.672] (II) event0  - Lid Switch: device is a switch device
[    18.672] (II) event0  - Lid Switch: device is a switch device
[    18.673] (II) config/udev: Adding input device Sleep Button (/dev/input/event1)
[    18.673] (**) Sleep Button: Applying InputClass "devname"
[    18.673] (**) Sleep Button: Applying InputClass "libinput keyboard catchall"
[    18.673] (**) Sleep Button: Applying InputClass "system-keyboard"
[    18.673] (II) Using input driver 'libinput' for 'Sleep Button'
[    18.674] (II) systemd-logind: got fd for /dev/input/event1 13:65 fd 29 paused 0
[    18.674] (**) Sleep Button: always reports core events
[    18.674] (**) Option "Device" "/dev/input/event1"
[    18.675] (II) event1  - Sleep Button: is tagged by udev as: Keyboard
[    18.675] (II) event1  - Sleep Button: device is a keyboard
[    18.675] (II) event1  - Sleep Button: device removed
[    18.675] (**) Option "config_info" "udev:/sys/devices/LNXSYSTM:00/LNXSYBUS:00/PNP0C0E:00/input/input1/event1"
[    18.675] (II) XINPUT: Adding extended input device "Sleep Button" (type: KEYBOARD, id 9)
[    18.675] (**) Option "xkb_layout" "us"
[    18.676] (II) event1  - Sleep Button: is tagged by udev as: Keyboard
[    18.676] (II) event1  - Sleep Button: device is a keyboard
[    18.677] (II) config/udev: Adding input device Integrated Camera: Integrated C (/dev/input/event4)
[    18.677] (**) Integrated Camera: Integrated C: Applying InputClass "devname"
[    18.677] (**) Integrated Camera: Integrated C: Applying InputClass "libinput keyboard catchall"
[    18.677] (**) Integrated Camera: Integrated C: Applying InputClass "system-keyboard"
[    18.677] (II) Using input driver 'libinput' for 'Integrated Camera: Integrated C'
[    18.678] (II) systemd-logind: got fd for /dev/input/event4 13:68 fd 30 paused 0
[    18.678] (**) Integrated Camera: Integrated C: always reports core events
[    18.678] (**) Option "Device" "/dev/input/event4"
[    18.679] (II) event4  - Integrated Camera: Integrated C: is tagged by udev as: Keyboard
[    18.680] (II) event4  - Integrated Camera: Integrated C: device is a keyboard
[    18.680] (II) event4  - Integrated Camera: Integrated C: device removed
[    18.680] (**) Option "config_info" "udev:/sys/devices/pci0000:00/0000:00:14.0/usb1/1-7/1-7:1.0/input/input5/event4"
[    18.680] (II) XINPUT: Adding extended input device "Integrated Camera: Integrated C" (type: KEYBOARD, id 10)
[    18.680] (**) Option "xkb_layout" "us"
[    18.681] (II) event4  - Integrated Camera: Integrated C: is tagged by udev as: Keyboard
[    18.681] (II) event4  - Integrated Camera: Integrated C: device is a keyboard
[    18.682] (II) config/udev: Adding input device HDA Intel PCH Mic (/dev/input/event10)
[    18.682] (**) HDA Intel PCH Mic: Applying InputClass "devname"
[    18.682] (II) Using input driver 'libinput' for 'HDA Intel PCH Mic'
[    18.682] (II) systemd-logind: got fd for /dev/input/event10 13:74 fd 31 paused 0
[    18.682] (**) HDA Intel PCH Mic: always reports core events
[    18.682] (**) Option "Device" "/dev/input/event10"
[    18.683] (II) event10 - HDA Intel PCH Mic: is tagged by udev as: Switch
[    18.683] (II) event10 - not using input device '/dev/input/event10'.
[    18.683] (EE) libinput: HDA Intel PCH Mic: Failed to create a device for /dev/input/event10
[    18.683] (EE) PreInit returned 2 for "HDA Intel PCH Mic"
[    18.683] (II) UnloadModule: "libinput"
[    18.683] (II) systemd-logind: releasing fd for 13:74
[    18.684] (II) config/udev: Adding input device HDA Intel PCH Headphone (/dev/input/event11)
[    18.684] (**) HDA Intel PCH Headphone: Applying InputClass "devname"
[    18.684] (II) Using input driver 'libinput' for 'HDA Intel PCH Headphone'
[    18.685] (II) systemd-logind: got fd for /dev/input/event11 13:75 fd 31 paused 0
[    18.685] (**) HDA Intel PCH Headphone: always reports core events
[    18.685] (**) Option "Device" "/dev/input/event11"
[    18.685] (II) event11 - HDA Intel PCH Headphone: is tagged by udev as: Switch
[    18.686] (II) event11 - not using input device '/dev/input/event11'.
[    18.686] (EE) libinput: HDA Intel PCH Headphone: Failed to create a device for /dev/input/event11
[    18.686] (EE) PreInit returned 2 for "HDA Intel PCH Headphone"
[    18.686] (II) UnloadModule: "libinput"
[    18.686] (II) systemd-logind: releasing fd for 13:75
[    18.686] (II) config/udev: Adding input device HDA Intel PCH HDMI/DP,pcm=3 (/dev/input/event12)
[    18.686] (**) HDA Intel PCH HDMI/DP,pcm=3: Applying InputClass "devname"
[    18.686] (II) Using input driver 'libinput' for 'HDA Intel PCH HDMI/DP,pcm=3'
[    18.687] (II) systemd-logind: got fd for /dev/input/event12 13:76 fd 31 paused 0
[    18.687] (**) HDA Intel PCH HDMI/DP,pcm=3: always reports core events
[    18.687] (**) Option "Device" "/dev/input/event12"
[    18.687] (II) event12 - HDA Intel PCH HDMI/DP,pcm=3: is tagged by udev as: Switch
[    18.688] (II) event12 - not using input device '/dev/input/event12'.
[    18.688] (EE) libinput: HDA Intel PCH HDMI/DP,pcm=3: Failed to create a device for /dev/input/event12
[    18.688] (EE) PreInit returned 2 for "HDA Intel PCH HDMI/DP,pcm=3"
[    18.688] (II) UnloadModule: "libinput"
[    18.688] (II) systemd-logind: releasing fd for 13:76
[    18.688] (II) config/udev: Adding input device HDA Intel PCH HDMI/DP,pcm=7 (/dev/input/event13)
[    18.688] (**) HDA Intel PCH HDMI/DP,pcm=7: Applying InputClass "devname"
[    18.688] (II) Using input driver 'libinput' for 'HDA Intel PCH HDMI/DP,pcm=7'
[    18.689] (II) systemd-logind: got fd for /dev/input/event13 13:77 fd 31 paused 0
[    18.689] (**) HDA Intel PCH HDMI/DP,pcm=7: always reports core events
[    18.689] (**) Option "Device" "/dev/input/event13"
[    18.689] (II) event13 - HDA Intel PCH HDMI/DP,pcm=7: is tagged by udev as: Switch
[    18.689] (II) event13 - not using input device '/dev/input/event13'.
[    18.689] (EE) libinput: HDA Intel PCH HDMI/DP,pcm=7: Failed to create a device for /dev/input/event13
[    18.690] (EE) PreInit returned 2 for "HDA Intel PCH HDMI/DP,pcm=7"
[    18.690] (II) UnloadModule: "libinput"
[    18.690] (II) systemd-logind: releasing fd for 13:77
[    18.690] (II) config/udev: Adding input device HDA Intel PCH HDMI/DP,pcm=8 (/dev/input/event14)
[    18.690] (**) HDA Intel PCH HDMI/DP,pcm=8: Applying InputClass "devname"
[    18.690] (II) Using input driver 'libinput' for 'HDA Intel PCH HDMI/DP,pcm=8'
[    18.691] (II) systemd-logind: got fd for /dev/input/event14 13:78 fd 31 paused 0
[    18.691] (**) HDA Intel PCH HDMI/DP,pcm=8: always reports core events
[    18.691] (**) Option "Device" "/dev/input/event14"
[    18.691] (II) event14 - HDA Intel PCH HDMI/DP,pcm=8: is tagged by udev as: Switch
[    18.692] (II) event14 - not using input device '/dev/input/event14'.
[    18.692] (EE) libinput: HDA Intel PCH HDMI/DP,pcm=8: Failed to create a device for /dev/input/event14
[    18.692] (EE) PreInit returned 2 for "HDA Intel PCH HDMI/DP,pcm=8"
[    18.692] (II) UnloadModule: "libinput"
[    18.692] (II) systemd-logind: releasing fd for 13:78
[    18.692] (II) config/udev: Adding input device HDA Intel PCH HDMI/DP,pcm=9 (/dev/input/event15)
[    18.692] (**) HDA Intel PCH HDMI/DP,pcm=9: Applying InputClass "devname"
[    18.692] (II) Using input driver 'libinput' for 'HDA Intel PCH HDMI/DP,pcm=9'
[    18.693] (II) systemd-logind: got fd for /dev/input/event15 13:79 fd 31 paused 0
[    18.693] (**) HDA Intel PCH HDMI/DP,pcm=9: always reports core events
[    18.693] (**) Option "Device" "/dev/input/event15"
[    18.693] (II) event15 - HDA Intel PCH HDMI/DP,pcm=9: is tagged by udev as: Switch
[    18.694] (II) event15 - not using input device '/dev/input/event15'.
[    18.694] (EE) libinput: HDA Intel PCH HDMI/DP,pcm=9: Failed to create a device for /dev/input/event15
[    18.694] (EE) PreInit returned 2 for "HDA Intel PCH HDMI/DP,pcm=9"
[    18.694] (II) UnloadModule: "libinput"
[    18.694] (II) systemd-logind: releasing fd for 13:79
[    18.694] (II) config/udev: Adding input device HDA Intel PCH HDMI/DP,pcm=10 (/dev/input/event16)
[    18.694] (**) HDA Intel PCH HDMI/DP,pcm=10: Applying InputClass "devname"
[    18.694] (II) Using input driver 'libinput' for 'HDA Intel PCH HDMI/DP,pcm=10'
[    18.695] (II) systemd-logind: got fd for /dev/input/event16 13:80 fd 31 paused 0
[    18.695] (**) HDA Intel PCH HDMI/DP,pcm=10: always reports core events
[    18.695] (**) Option "Device" "/dev/input/event16"
[    18.696] (II) event16 - HDA Intel PCH HDMI/DP,pcm=10: is tagged by udev as: Switch
[    18.696] (II) event16 - not using input device '/dev/input/event16'.
[    18.696] (EE) libinput: HDA Intel PCH HDMI/DP,pcm=10: Failed to create a device for /dev/input/event16
[    18.696] (EE) PreInit returned 2 for "HDA Intel PCH HDMI/DP,pcm=10"
[    18.696] (II) UnloadModule: "libinput"
[    18.696] (II) systemd-logind: releasing fd for 13:80
[    18.696] (II) config/udev: Adding input device AT Translated Set 2 keyboard (/dev/input/event3)
[    18.696] (**) AT Translated Set 2 keyboard: Applying InputClass "devname"
[    18.696] (**) AT Translated Set 2 keyboard: Applying InputClass "libinput keyboard catchall"
[    18.697] (**) AT Translated Set 2 keyboard: Applying InputClass "system-keyboard"
[    18.697] (II) Using input driver 'libinput' for 'AT Translated Set 2 keyboard'
[    18.697] (II) systemd-logind: got fd for /dev/input/event3 13:67 fd 31 paused 0
[    18.697] (**) AT Translated Set 2 keyboard: always reports core events
[    18.697] (**) Option "Device" "/dev/input/event3"
[    18.698] (II) event3  - AT Translated Set 2 keyboard: is tagged by udev as: Keyboard
[    18.698] (II) event3  - AT Translated Set 2 keyboard: device is a keyboard
[    18.698] (II) event3  - AT Translated Set 2 keyboard: device removed
[    18.698] (**) Option "config_info" "udev:/sys/devices/platform/i8042/serio0/input/input3/event3"
[    18.698] (II) XINPUT: Adding extended input device "AT Translated Set 2 keyboard" (type: KEYBOARD, id 11)
[    18.698] (**) Option "xkb_layout" "us"
[    18.699] (II) event3  - AT Translated Set 2 keyboard: is tagged by udev as: Keyboard
[    18.700] (II) event3  - AT Translated Set 2 keyboard: device is a keyboard
[    18.700] (II) config/udev: Adding input device SynPS/2 Synaptics TouchPad (/dev/input/event8)
[    18.700] (**) SynPS/2 Synaptics TouchPad: Applying InputClass "devname"
[    18.700] (**) SynPS/2 Synaptics TouchPad: Applying InputClass "libinput touchpad catchall"
[    18.700] (II) Using input driver 'libinput' for 'SynPS/2 Synaptics TouchPad'
[    18.701] (II) systemd-logind: got fd for /dev/input/event8 13:72 fd 32 paused 0
[    18.701] (**) SynPS/2 Synaptics TouchPad: always reports core events
[    18.701] (**) Option "Device" "/dev/input/event8"
[    18.702] (II) event8  - SynPS/2 Synaptics TouchPad: is tagged by udev as: Touchpad
[    18.703] (II) event8  - SynPS/2 Synaptics TouchPad: device is a touchpad
[    18.703] (II) event8  - SynPS/2 Synaptics TouchPad: device removed
[    18.703] (**) Option "Tapping" "on"
[    18.703] (**) Option "config_info" "udev:/sys/devices/platform/i8042/serio1/input/input6/event8"
[    18.703] (II) XINPUT: Adding extended input device "SynPS/2 Synaptics TouchPad" (type: TOUCHPAD, id 12)
[    18.704] (**) Option "AccelerationScheme" "none"
[    18.704] (**) SynPS/2 Synaptics TouchPad: (accel) selected scheme none/0
[    18.704] (**) SynPS/2 Synaptics TouchPad: (accel) acceleration factor: 2.000
[    18.704] (**) SynPS/2 Synaptics TouchPad: (accel) acceleration threshold: 4
[    18.705] (II) event8  - SynPS/2 Synaptics TouchPad: is tagged by udev as: Touchpad
[    18.706] (II) event8  - SynPS/2 Synaptics TouchPad: device is a touchpad
[    18.707] (II) config/udev: Adding input device SynPS/2 Synaptics TouchPad (/dev/input/mouse0)
[    18.707] (**) SynPS/2 Synaptics TouchPad: Applying InputClass "devname"
[    18.707] (II) Using input driver 'libinput' for 'SynPS/2 Synaptics TouchPad'
[    18.707] (**) SynPS/2 Synaptics TouchPad: always reports core events
[    18.707] (**) Option "Device" "/dev/input/mouse0"
[    18.707] (EE) xf86OpenSerial: Cannot open device /dev/input/mouse0
	Permission denied.
[    18.707] (II) mouse0: opening input device '/dev/input/mouse0' failed (Permission denied).
[    18.707] (II) mouse0  - failed to create input device '/dev/input/mouse0'.
[    18.707] (EE) libinput: SynPS/2 Synaptics TouchPad: Failed to create a device for /dev/input/mouse0
[    18.707] (EE) PreInit returned 2 for "SynPS/2 Synaptics TouchPad"
[    18.707] (II) UnloadModule: "libinput"
[    18.707] (II) config/udev: Adding input device TPPS/2 IBM TrackPoint (/dev/input/event9)
[    18.707] (**) TPPS/2 IBM TrackPoint: Applying InputClass "devname"
[    18.707] (**) TPPS/2 IBM TrackPoint: Applying InputClass "libinput pointer catchall"
[    18.707] (II) Using input driver 'libinput' for 'TPPS/2 IBM TrackPoint'
[    18.708] (II) systemd-logind: got fd for /dev/input/event9 13:73 fd 33 paused 0
[    18.708] (**) TPPS/2 IBM TrackPoint: always reports core events
[    18.708] (**) Option "Device" "/dev/input/event9"
[    18.709] (II) event9  - TPPS/2 IBM TrackPoint: is tagged by udev as: Mouse Pointingstick
[    18.709] (II) event9  - TPPS/2 IBM TrackPoint: device is a pointer
[    18.710] (II) event9  - TPPS/2 IBM TrackPoint: device removed
[    18.710] (**) Option "config_info" "udev:/sys/devices/platform/i8042/serio1/serio2/input/input10/event9"
[    18.710] (II) XINPUT: Adding extended input device "TPPS/2 IBM TrackPoint" (type: MOUSE, id 13)
[    18.710] (**) Option "AccelerationScheme" "none"
[    18.710] (**) TPPS/2 IBM TrackPoint: (accel) selected scheme none/0
[    18.710] (**) TPPS/2 IBM TrackPoint: (accel) acceleration factor: 2.000
[    18.710] (**) TPPS/2 IBM TrackPoint: (accel) acceleration threshold: 4
[    18.711] (II) event9  - TPPS/2 IBM TrackPoint: is tagged by udev as: Mouse Pointingstick
[    18.711] (II) event9  - TPPS/2 IBM TrackPoint: device is a pointer
[    18.712] (II) config/udev: Adding input device TPPS/2 IBM TrackPoint (/dev/input/mouse1)
[    18.712] (**) TPPS/2 IBM TrackPoint: Applying InputClass "devname"
[    18.712] (II) Using input driver 'libinput' for 'TPPS/2 IBM TrackPoint'
[    18.712] (**) TPPS/2 IBM TrackPoint: always reports core events
[    18.712] (**) Option "Device" "/dev/input/mouse1"
[    18.712] (EE) xf86OpenSerial: Cannot open device /dev/input/mouse1
	Permission denied.
[    18.712] (II) mouse1: opening input device '/dev/input/mouse1' failed (Permission denied).
[    18.712] (II) mouse1  - failed to create input device '/dev/input/mouse1'.
[    18.712] (EE) libinput: TPPS/2 IBM TrackPoint: Failed to create a device for /dev/input/mouse1
[    18.712] (EE) PreInit returned 2 for "TPPS/2 IBM TrackPoint"
[    18.712] (II) UnloadModule: "libinput"
[    18.713] (II) config/udev: Adding input device PC Speaker (/dev/input/event5)
[    18.713] (**) PC Speaker: Applying InputClass "devname"
[    18.713] (II) Using input driver 'libinput' for 'PC Speaker'
[    18.714] (II) systemd-logind: got fd for /dev/input/event5 13:69 fd 34 paused 0
[    18.714] (**) PC Speaker: always reports core events
[    18.714] (**) Option "Device" "/dev/input/event5"
[    18.714] (II) event5  - PC Speaker: not tagged as supported input device
[    18.714] (II) event5  - not using input device '/dev/input/event5'.
[    18.714] (EE) libinput: PC Speaker: Failed to create a device for /dev/input/event5
[    18.714] (EE) PreInit returned 2 for "PC Speaker"
[    18.714] (II) UnloadModule: "libinput"
[    18.714] (II) systemd-logind: releasing fd for 13:69
[    18.717] (II) config/udev: Adding input device ThinkPad Extra Buttons (/dev/input/event7)
[    18.717] (**) ThinkPad Extra Buttons: Applying InputClass "devname"
[    18.717] (**) ThinkPad Extra Buttons: Applying InputClass "libinput keyboard catchall"
[    18.717] (**) ThinkPad Extra Buttons: Applying InputClass "system-keyboard"
[    18.717] (II) Using input driver 'libinput' for 'ThinkPad Extra Buttons'
[    18.717] (II) systemd-logind: got fd for /dev/input/event7 13:71 fd 34 paused 0
[    18.717] (**) ThinkPad Extra Buttons: always reports core events
[    18.717] (**) Option "Device" "/dev/input/event7"
[    18.718] (II) event7  - ThinkPad Extra Buttons: is tagged by udev as: Keyboard Switch
[    18.718] (II) event7  - ThinkPad Extra Buttons: device is a keyboard
[    18.718] (II) event7  - ThinkPad Extra Buttons: device removed
[    18.718] (**) Option "config_info" "udev:/sys/devices/platform/thinkpad_acpi/input/input8/event7"
[    18.718] (II) XINPUT: Adding extended input device "ThinkPad Extra Buttons" (type: KEYBOARD, id 14)
[    18.718] (**) Option "xkb_layout" "us"
[    18.719] (II) event7  - ThinkPad Extra Buttons: is tagged by udev as: Keyboard Switch
[    18.719] (II) event7  - ThinkPad Extra Buttons: device is a keyboard
[    20.571] (II) intel(0): EDID vendor "LGD", prod id 1313
[    20.571] (II) intel(0): Printing DDC gathered Modelines:
[    20.571] (II) intel(0): Modeline "1920x1080"x0.0  138.70  1920 1968 2000 2080  1080 1083 1088 1111 +hsync -vsync (66.7 kHz eP)
[    20.571] (II) intel(0): Modeline "1920x1080"x0.0  110.92  1920 1968 2000 2080  1080 1083 1088 1111 +hsync -vsync (53.3 kHz e)
[  2692.851] (EE) event8  - SynPS/2 Synaptics TouchPad: kernel bug: Touch jump detected and discarded.
See https://wayland.freedesktop.org/libinput/doc/1.21.0/touchpad-jumping-cursors.html for details
[ 12183.202] (EE) event8  - SynPS/2 Synaptics TouchPad: client bug: event processing lagging behind by 230ms, your system is too slow
[ 18789.302] (EE) event8  - SynPS/2 Synaptics TouchPad: kernel bug: Touch jump detected and discarded.
See https://wayland.freedesktop.org/libinput/doc/1.21.0/touchpad-jumping-cursors.html for details
